<?xml version="1.0" encoding="UTF-8"?>
<!-- Generated by org.testng.reporters.JUnitReportReporter -->
<testsuite hostname="EPBYMINW2724" name="Base.PatternsTestingExample" tests="9" failures="0" timestamp="16 Dec 2015 16:16:47 GMT" time="21.132" errors="0">
  <testcase name="LogOut" time="2.760" classname="Base.PatternsTestingExample"/>
  <testcase name="getOldAPI" time="0.043" classname="Base.PatternsTestingExample"/>
  <testcase name="closeBrowser" time="0.014" classname="Base.PatternsTestingExample"/>
  <testcase name="getNewAPI" time="0.029" classname="Base.PatternsTestingExample"/>
  <testcase name="reGenerateAPI" time="3.224" classname="Base.PatternsTestingExample"/>
  <testcase name="OpenLoginPage" time="4.202" classname="Base.PatternsTestingExample"/>
  <testcase name="loginAction" time="5.566" classname="Base.PatternsTestingExample"/>
  <testcase name="openProfileAction" time="5.284" classname="Base.PatternsTestingExample"/>
  <testcase name="compareAPI" time="0.010" classname="Base.PatternsTestingExample"/>
</testsuite> <!-- Base.PatternsTestingExample -->
