<?xml version="1.0" encoding="UTF-8"?>
<!-- Generated by org.testng.reporters.JUnitReportReporter -->
<testsuite hostname="EPBYMINW2724" name="PatternsTestingExample" tests="9" failures="0" timestamp="1 Feb 2016 15:20:45 GMT" time="11.127" errors="0">
  <testcase name="getOldAPI" time="0.017" classname="PatternsTestingExample"/>
  <testcase name="loginAction" time="4.398" classname="PatternsTestingExample"/>
  <testcase name="openProfileAction" time="1.956" classname="PatternsTestingExample"/>
  <testcase name="OpenLoginPage" time="2.201" classname="PatternsTestingExample"/>
  <testcase name="compareAPI" time="0.001" classname="PatternsTestingExample"/>
  <testcase name="getNewAPI" time="0.017" classname="PatternsTestingExample"/>
  <testcase name="reGenerateAPI" time="1.354" classname="PatternsTestingExample"/>
  <testcase name="closeBrowser" time="0.006" classname="PatternsTestingExample"/>
  <testcase name="LogOut" time="1.177" classname="PatternsTestingExample"/>
</testsuite> <!-- PatternsTestingExample -->
