<?xml version="1.0" encoding="UTF-8"?>
<!-- Generated by org.testng.reporters.JUnitReportReporter -->
<testsuite hostname="EPBYMINW2724" name="Base.PatternsTestingExample" tests="9" failures="0" timestamp="1 Feb 2016 19:55:13 GMT" time="9.432" errors="0">
  <testcase name="closeBrowser" time="0.006" classname="Base.PatternsTestingExample"/>
  <testcase name="OpenLoginPage" time="1.828" classname="Base.PatternsTestingExample"/>
  <testcase name="compareAPI" time="0.001" classname="Base.PatternsTestingExample"/>
  <testcase name="loginAction" time="3.210" classname="Base.PatternsTestingExample"/>
  <testcase name="getOldAPI" time="0.017" classname="Base.PatternsTestingExample"/>
  <testcase name="openProfileAction" time="2.042" classname="Base.PatternsTestingExample"/>
  <testcase name="reGenerateAPI" time="1.135" classname="Base.PatternsTestingExample"/>
  <testcase name="getNewAPI" time="0.029" classname="Base.PatternsTestingExample"/>
  <testcase name="LogOut" time="1.164" classname="Base.PatternsTestingExample"/>
</testsuite> <!-- Base.PatternsTestingExample -->
