<?xml version="1.0" encoding="UTF-8"?>
<!-- Generated by org.testng.reporters.JUnitReportReporter -->
<testsuite hostname="EPBYMINW2724" name="TestingResult" tests="1" failures="0" timestamp="10 Dec 2015 17:19:44 GMT" time="0.010" errors="0">
  <testcase name="compareResults" time="0.010" classname="TestingResult"/>
</testsuite> <!-- TestingResult -->
