<?xml version="1.0" encoding="UTF-8"?>
<!-- Generated by org.testng.reporters.JUnitReportReporter -->
<testsuite hostname="EPBYMINW2724" name="PatternsTestingExample" tests="9" failures="0" timestamp="11 Dec 2015 13:30:35 GMT" time="14.856" errors="0">
  <testcase name="LogOut" time="2.018" classname="PatternsTestingExample"/>
  <testcase name="compareAPI" time="0.008" classname="PatternsTestingExample"/>
  <testcase name="openProfileAction" time="3.613" classname="PatternsTestingExample"/>
  <testcase name="OpenLoginPage" time="3.193" classname="PatternsTestingExample"/>
  <testcase name="getNewAPI" time="0.036" classname="PatternsTestingExample"/>
  <testcase name="getOldAPI" time="0.031" classname="PatternsTestingExample"/>
  <testcase name="reGenerateAPI" time="2.259" classname="PatternsTestingExample"/>
  <testcase name="loginAction" time="3.687" classname="PatternsTestingExample"/>
  <testcase name="closeBrowser" time="0.011" classname="PatternsTestingExample"/>
</testsuite> <!-- PatternsTestingExample -->
